This is pdfTeX, Version 3.141592653-2.6-1.40.27 (MiKTeX 25.4) (preloaded format=pdflatex 2025.10.20)  21 OCT 2025 22:53
entering extended mode
 \write18 enabled.
 file:line:error style messages enabled.
 %&-line parsing enabled.
**./main.tex
(main.tex
LaTeX2e <2025-06-01> patch level 1
L3 programming layer <2025-09-02>
(C:\Users\vikto\AppData\Local\Programs\MiKTeX\tex/latex/base\article.cls
Document Class: article 2025/01/22 v1.4n Standard LaTeX document class
(C:\Users\vikto\AppData\Local\Programs\MiKTeX\tex/latex/base\size10.clo
File: size10.clo 2025/01/22 v1.4n Standard LaTeX file (size option)
)
\c@part=\count275
\c@section=\count276
\c@subsection=\count277
\c@subsubsection=\count278
\c@paragraph=\count279
\c@subparagraph=\count280
\c@figure=\count281
\c@table=\count282
\abovecaptionskip=\skip49
\belowcaptionskip=\skip50
\bibindent=\dimen148
)
(C:\Users\vikto\AppData\Local\Programs\MiKTeX\tex/latex/base\fontenc.sty
Package: fontenc 2024/12/21 v2.1c Standard LaTeX package
)
(C:\Users\vikto\AppData\Local\Programs\MiKTeX\tex/latex/lm\lmodern.sty
Package: lmodern 2015/05/01 v1.6.1 Latin Modern Fonts
LaTeX Font Info:    Overwriting symbol font `operators' in version `normal'
(Font)                  OT1/cmr/m/n --> OT1/lmr/m/n on input line 22.
LaTeX Font Info:    Overwriting symbol font `letters' in version `normal'
(Font)                  OML/cmm/m/it --> OML/lmm/m/it on input line 23.
LaTeX Font Info:    Overwriting symbol font `symbols' in version `normal'
(Font)                  OMS/cmsy/m/n --> OMS/lmsy/m/n on input line 24.
LaTeX Font Info:    Overwriting symbol font `largesymbols' in version `normal'
(Font)                  OMX/cmex/m/n --> OMX/lmex/m/n on input line 25.
LaTeX Font Info:    Overwriting symbol font `operators' in version `bold'
(Font)                  OT1/cmr/bx/n --> OT1/lmr/bx/n on input line 26.
LaTeX Font Info:    Overwriting symbol font `letters' in version `bold'
(Font)                  OML/cmm/b/it --> OML/lmm/b/it on input line 27.
LaTeX Font Info:    Overwriting symbol font `symbols' in version `bold'
(Font)                  OMS/cmsy/b/n --> OMS/lmsy/b/n on input line 28.
LaTeX Font Info:    Overwriting symbol font `largesymbols' in version `bold'
(Font)                  OMX/cmex/m/n --> OMX/lmex/m/n on input line 29.
LaTeX Font Info:    Overwriting math alphabet `\mathbf' in version `normal'
(Font)                  OT1/cmr/bx/n --> OT1/lmr/bx/n on input line 31.
LaTeX Font Info:    Overwriting math alphabet `\mathsf' in version `normal'
(Font)                  OT1/cmss/m/n --> OT1/lmss/m/n on input line 32.
LaTeX Font Info:    Overwriting math alphabet `\mathit' in version `normal'
(Font)                  OT1/cmr/m/it --> OT1/lmr/m/it on input line 33.
LaTeX Font Info:    Overwriting math alphabet `\mathtt' in version `normal'
(Font)                  OT1/cmtt/m/n --> OT1/lmtt/m/n on input line 34.
LaTeX Font Info:    Overwriting math alphabet `\mathbf' in version `bold'
(Font)                  OT1/cmr/bx/n --> OT1/lmr/bx/n on input line 35.
LaTeX Font Info:    Overwriting math alphabet `\mathsf' in version `bold'
(Font)                  OT1/cmss/bx/n --> OT1/lmss/bx/n on input line 36.
LaTeX Font Info:    Overwriting math alphabet `\mathit' in version `bold'
(Font)                  OT1/cmr/bx/it --> OT1/lmr/bx/it on input line 37.
LaTeX Font Info:    Overwriting math alphabet `\mathtt' in version `bold'
(Font)                  OT1/cmtt/m/n --> OT1/lmtt/m/n on input line 38.
)
(C:\Users\vikto\AppData\Local\Programs\MiKTeX\tex/latex/pdfpages\pdfpages.sty
Package: pdfpages 2025/07/23 v0.6g Insert pages of external PDF documents (AM)

(C:\Users\vikto\AppData\Local\Programs\MiKTeX\tex/latex/base\ifthen.sty
Package: ifthen 2024/03/16 v1.1e Standard LaTeX ifthen package (DPC)
)
(C:\Users\vikto\AppData\Local\Programs\MiKTeX\tex/latex/tools\calc.sty
Package: calc 2025/03/01 v4.3b Infix arithmetic (KKT,FJ)
\calc@Acount=\count283
\calc@Bcount=\count284
\calc@Adimen=\dimen149
\calc@Bdimen=\dimen150
\calc@Askip=\skip51
\calc@Bskip=\skip52
LaTeX Info: Redefining \setlength on input line 86.
LaTeX Info: Redefining \addtolength on input line 87.
\calc@Ccount=\count285
\calc@Cskip=\skip53
)
(C:\Users\vikto\AppData\Local\Programs\MiKTeX\tex/latex/eso-pic\eso-pic.sty
Package: eso-pic 2023/05/03 v3.0c eso-pic (RN)
\ESO@tempdima=\dimen151
\ESO@tempdimb=\dimen152

(C:\Users\vikto\AppData\Local\Programs\MiKTeX\tex/latex/graphics\keyval.sty
Package: keyval 2022/05/29 v1.15 key=value parser (DPC)
\KV@toks@=\toks17
)
(C:\Users\vikto\AppData\Local\Programs\MiKTeX\tex/latex/xcolor\xcolor.sty
Package: xcolor 2024/09/29 v3.02 LaTeX color extensions (UK)

(C:\Users\vikto\AppData\Local\Programs\MiKTeX\tex/latex/graphics-cfg\color.cfg
File: color.cfg 2016/01/02 v1.6 sample color configuration
)
Package xcolor Info: Driver file: pdftex.def on input line 274.

(C:\Users\vikto\AppData\Local\Programs\MiKTeX\tex/latex/graphics-def\pdftex.def
File: pdftex.def 2025/09/29 v1.2d Graphics/color driver for pdftex
)
(C:\Users\vikto\AppData\Local\Programs\MiKTeX\tex/latex/graphics\mathcolor.ltx)
Package xcolor Info: Model `cmy' substituted by `cmy0' on input line 1349.
Package xcolor Info: Model `hsb' substituted by `rgb' on input line 1353.
Package xcolor Info: Model `RGB' extended on input line 1365.
Package xcolor Info: Model `HTML' substituted by `rgb' on input line 1367.
Package xcolor Info: Model `Hsb' substituted by `hsb' on input line 1368.
Package xcolor Info: Model `tHsb' substituted by `hsb' on input line 1369.
Package xcolor Info: Model `HSB' substituted by `hsb' on input line 1370.
Package xcolor Info: Model `Gray' substituted by `gray' on input line 1371.
Package xcolor Info: Model `wave' substituted by `hsb' on input line 1372.
))
(C:\Users\vikto\AppData\Local\Programs\MiKTeX\tex/latex/etoolbox\etoolbox.sty
Package: etoolbox 2025/10/02 v2.5m e-TeX tools for LaTeX (JAW)
\etb@tempcnta=\count286
)
(C:\Users\vikto\AppData\Local\Programs\MiKTeX\tex/latex/graphics\graphicx.sty
Package: graphicx 2024/12/31 v1.2e Enhanced LaTeX Graphics (DPC,SPQR)

(C:\Users\vikto\AppData\Local\Programs\MiKTeX\tex/latex/graphics\graphics.sty
Package: graphics 2024/08/06 v1.4g Standard LaTeX Graphics (DPC,SPQR)

(C:\Users\vikto\AppData\Local\Programs\MiKTeX\tex/latex/graphics\trig.sty
Package: trig 2023/12/02 v1.11 sin cos tan (DPC)
)
(C:\Users\vikto\AppData\Local\Programs\MiKTeX\tex/latex/graphics-cfg\graphics.c
fg
File: graphics.cfg 2016/06/04 v1.11 sample graphics configuration
)
Package graphics Info: Driver file: pdftex.def on input line 106.
)
\Gin@req@height=\dimen153
\Gin@req@width=\dimen154
)
\AM@pagewidth=\dimen155
\AM@pageheight=\dimen156
\AM@fboxrule=\dimen157

(C:\Users\vikto\AppData\Local\Programs\MiKTeX\tex/latex/pdfpages\pppdftex.def
File: pppdftex.def 2025/07/23 v0.6g Pdfpages driver for pdfTeX (AM)
)
\pdfpages@includegraphics@status=\count287
\AM@pagebox=\box53
\AM@global@opts=\toks18
\AM@pagecnt=\count288
\AM@toc@title=\toks19
\AM@lof@heading=\toks20
\c@AM@survey=\count289
\AM@templatesizebox=\box54
)
\c@savepage=\count290
(C:\Users\vikto\AppData\Local\Programs\MiKTeX\tex/latex/float\float.sty
Package: float 2001/11/08 v1.3d Float enhancements (AL)
\c@float@type=\count291
\float@exts=\toks21
\float@box=\box55
\@float@everytoks=\toks22
\@floatcapt=\box56
)
(C:\Users\vikto\AppData\Local\Programs\MiKTeX\tex/generic/babel\babel.sty
Package: babel 2025/10/01 v25.13 The multilingual framework for LuaLaTeX, pdfLa
TeX and XeLaTeX
\babel@savecnt=\count292
LaTeX Encoding Info:    Redeclaring text command \ij (encoding OT1) on input li
ne 2045.
LaTeX Encoding Info:    Redeclaring text command \IJ (encoding OT1) on input li
ne 2047.
LaTeX Encoding Info:    Redeclaring text command \ij (encoding T1) on input lin
e 2049.
LaTeX Encoding Info:    Redeclaring text command \IJ (encoding T1) on input lin
e 2050.
LaTeX Encoding Info:    Ignoring declaration for text command \ij (encoding ?) 
on input line 2051.
LaTeX Encoding Info:    Ignoring declaration for text command \IJ (encoding ?) 
on input line 2053.
LaTeX Encoding Info:    Ignoring declaration for text command \SS (encoding ?) 
on input line 2078.
\U@D=\dimen158
\l@unhyphenated=\language79

(C:\Users\vikto\AppData\Local\Programs\MiKTeX\tex/generic/babel\txtbabel.def)
\bbl@readstream=\read2
\bbl@dirlevel=\count293

*************************************
* Local config file bblopts.cfg used
*
(C:\Users\vikto\AppData\Local\Programs\MiKTeX\tex/latex/arabi\bblopts.cfg
File: bblopts.cfg 2005/09/08 v0.1 add Arabic and Farsi to "declared" options of
 babel
)
(C:\Users\vikto\AppData\Local\Programs\MiKTeX\tex/latex/babel-german\ngerman.ld
f
Language: ngerman 2024/12/10 v2.15 German support for babel (post-1996 orthogra
phy)

(C:\Users\vikto\AppData\Local\Programs\MiKTeX\tex/generic/babel/locale/de\babel
-ngerman.tex
Package babel Info: Importing font and identification data for ngerman
(babel)             from babel-de.ini. Reported on input line 12.
)
(C:\Users\vikto\AppData\Local\Programs\MiKTeX\tex/latex/babel-german\ngermanb.l
df
Language: ngermanb 2024/12/10 v2.15 German support for babel (post-1996 orthogr
aphy)
Package babel Info: Making " an active character on input line 122.
)))
(C:\Users\vikto\AppData\Local\Programs\MiKTeX\tex/latex/microtype\microtype.sty
Package: microtype 2025/07/09 v3.2b Micro-typographical refinements (RS)
\MT@toks=\toks23
\MT@tempbox=\box57
\MT@count=\count294
LaTeX Info: Redefining \noprotrusionifhmode on input line 1087.
LaTeX Info: Redefining \leftprotrusion on input line 1088.
\MT@prot@toks=\toks24
LaTeX Info: Redefining \rightprotrusion on input line 1107.
LaTeX Info: Redefining \textls on input line 1449.
\MT@outer@kern=\dimen159
LaTeX Info: Redefining \microtypecontext on input line 2053.
LaTeX Info: Redefining \textmicrotypecontext on input line 2070.
\MT@listname@count=\count295

(C:\Users\vikto\AppData\Local\Programs\MiKTeX\tex/latex/microtype\microtype-pdf
tex.def
File: microtype-pdftex.def 2025/07/09 v3.2b Definitions specific to pdftex (RS)

LaTeX Info: Redefining \lsstyle on input line 944.
LaTeX Info: Redefining \lslig on input line 944.
\MT@outer@space=\skip54
)
Package microtype Info: Loading configuration file microtype.cfg.

(C:\Users\vikto\AppData\Local\Programs\MiKTeX\tex/latex/microtype\microtype.cfg
File: microtype.cfg 2025/07/09 v3.2b microtype main configuration file (RS)
)
LaTeX Info: Redefining \microtypesetup on input line 3065.
)
(C:\Users\vikto\AppData\Local\Programs\MiKTeX\tex/latex/geometry\geometry.sty
Package: geometry 2020/01/02 v5.9 Page Geometry

(C:\Users\vikto\AppData\Local\Programs\MiKTeX\tex/generic/iftex\ifvtex.sty
Package: ifvtex 2019/10/25 v1.7 ifvtex legacy package. Use iftex instead.

(C:\Users\vikto\AppData\Local\Programs\MiKTeX\tex/generic/iftex\iftex.sty
Package: iftex 2024/12/12 v1.0g TeX engine tests
))
\Gm@cnth=\count296
\Gm@cntv=\count297
\c@Gm@tempcnt=\count298
\Gm@bindingoffset=\dimen160
\Gm@wd@mp=\dimen161
\Gm@odd@mp=\dimen162
\Gm@even@mp=\dimen163
\Gm@layoutwidth=\dimen164
\Gm@layoutheight=\dimen165
\Gm@layouthoffset=\dimen166
\Gm@layoutvoffset=\dimen167
\Gm@dimlist=\toks25

(C:\Users\vikto\AppData\Local\Programs\MiKTeX\tex/latex/geometry\geometry.cfg))
(C:\Users\vikto\AppData\Local\Programs\MiKTeX\tex/latex/enumitem\enumitem.sty
Package: enumitem 2025/02/06 v3.11 Customized lists
\labelindent=\skip55
\enit@outerparindent=\dimen168
\enit@toks=\toks26
\enit@inbox=\box58
\enit@count@id=\count299
\enitdp@description=\count300
)
(C:\Users\vikto\AppData\Local\Programs\MiKTeX\tex/latex/svg\svg.sty
Package: svg 2020/11/26 v2.02k (include SVG pictures)

(C:\Users\vikto\AppData\Local\Programs\MiKTeX\tex/latex/koma-script\scrbase.sty
Package: scrbase 2025/09/09 v3.48 KOMA-Script package (KOMA-Script-independent 
basics and keyval usage)

(C:\Users\vikto\AppData\Local\Programs\MiKTeX\tex/latex/koma-script\scrlfile.st
y
Package: scrlfile 2025/09/09 v3.48 KOMA-Script package (file load hooks)

(C:\Users\vikto\AppData\Local\Programs\MiKTeX\tex/latex/koma-script\scrlfile-ho
ok.sty
Package: scrlfile-hook 2025/09/09 v3.48 KOMA-Script package (using LaTeX hooks)


(C:\Users\vikto\AppData\Local\Programs\MiKTeX\tex/latex/koma-script\scrlogo.sty
Package: scrlogo 2025/09/09 v3.48 KOMA-Script package (logo)
)))
Applying: [2021/05/01] Usage of raw or classic option list on input line 254.
Already applied: [0000/00/00] Usage of raw or classic option list on input line
 370.
)
(C:\Users\vikto\AppData\Local\Programs\MiKTeX\tex/generic/pdftexcmds\pdftexcmds
.sty
Package: pdftexcmds 2020-06-27 v0.33 Utility functions of pdfTeX for LuaTeX (HO
)

(C:\Users\vikto\AppData\Local\Programs\MiKTeX\tex/generic/infwarerr\infwarerr.s
ty
Package: infwarerr 2019/12/03 v1.5 Providing info/warning/error messages (HO)
)
(C:\Users\vikto\AppData\Local\Programs\MiKTeX\tex/generic/ltxcmds\ltxcmds.sty
Package: ltxcmds 2023-12-04 v1.26 LaTeX kernel commands for general use (HO)
)
Package pdftexcmds Info: \pdf@primitive is available.
Package pdftexcmds Info: \pdf@ifprimitive is available.
Package pdftexcmds Info: \pdfdraftmode found.
)
(C:\Users\vikto\AppData\Local\Programs\MiKTeX\tex/latex/trimspaces\trimspaces.s
ty
Package: trimspaces 2009/09/17 v1.1 Trim spaces around a token list
) (C:\Users\vikto\AppData\Local\Programs\MiKTeX\tex/latex/tools\shellesc.sty
Package: shellesc 2023/07/08 v1.0d unified shell escape interface for LaTeX
Package shellesc Info: Unrestricted shell escape enabled on input line 75.
)
(C:\Users\vikto\AppData\Local\Programs\MiKTeX\tex/latex/ifplatform\ifplatform.s
ty
Package: ifplatform 2017/10/13 v0.4a Testing for the operating system

(C:\Users\vikto\AppData\Local\Programs\MiKTeX\tex/generic/catchfile\catchfile.s
ty
Package: catchfile 2019/12/09 v1.8 Catch the contents of a file (HO)

(C:\Users\vikto\AppData\Local\Programs\MiKTeX\tex/generic/etexcmds\etexcmds.sty
Package: etexcmds 2019/12/15 v1.7 Avoid name clashes with e-TeX commands (HO)
)) (C:\Users\vikto\AppData\Local\Programs\MiKTeX\tex/generic/iftex\ifluatex.sty
Package: ifluatex 2019/10/25 v1.5 ifluatex legacy package. Use iftex instead.
)
runsystem(echo # > "main.w18")...executed.

runsystem(del "main.w18")...executed.

)
\c@svg@param@lastpage=\count301
\svg@box=\box59
\c@svg@param@currpage=\count302
)
(C:\Users\vikto\AppData\Local\Programs\MiKTeX\tex/latex/transparent\transparent
.sty
Package: transparent 2025-06-23 v1.6 Transparency with color stacks

(C:\Users\vikto\AppData\Local\Programs\MiKTeX\tex/latex/transparent\transparent
-nometadata.sty
Package: transparent-nometadata 2025-06-23 v1.6 Transparency via pdfTeX's color
 stack (HO)

(C:\Users\vikto\AppData\Local\Programs\MiKTeX\tex/latex/auxhook\auxhook.sty
Package: auxhook 2019-12-17 v1.6 Hooks for auxiliary files (HO)
)))
(C:\Users\vikto\AppData\Local\Programs\MiKTeX\tex/latex/pgf/systemlayer\pgfsys.
sty
(C:\Users\vikto\AppData\Local\Programs\MiKTeX\tex/latex/pgf/utilities\pgfrcs.st
y
(C:\Users\vikto\AppData\Local\Programs\MiKTeX\tex/generic/pgf/utilities\pgfutil
-common.tex
\pgfutil@everybye=\toks27
\pgfutil@tempdima=\dimen169
\pgfutil@tempdimb=\dimen170
)
(C:\Users\vikto\AppData\Local\Programs\MiKTeX\tex/generic/pgf/utilities\pgfutil
-latex.def
\pgfutil@abb=\box60
)
(C:\Users\vikto\AppData\Local\Programs\MiKTeX\tex/generic/pgf/utilities\pgfrcs.
code.tex
(C:\Users\vikto\AppData\Local\Programs\MiKTeX\tex/generic/pgf\pgf.revision.tex)
Package: pgfrcs 2025-08-29 v3.1.11a (3.1.11a)
))
(C:\Users\vikto\AppData\Local\Programs\MiKTeX\tex/generic/pgf/systemlayer\pgfsy
s.code.tex
Package: pgfsys 2025-08-29 v3.1.11a (3.1.11a)

(C:\Users\vikto\AppData\Local\Programs\MiKTeX\tex/generic/pgf/utilities\pgfkeys
.code.tex
\pgfkeys@pathtoks=\toks28
\pgfkeys@temptoks=\toks29

(C:\Users\vikto\AppData\Local\Programs\MiKTeX\tex/generic/pgf/utilities\pgfkeys
libraryfiltered.code.tex
\pgfkeys@tmptoks=\toks30
))
\pgf@x=\dimen171
\pgf@y=\dimen172
\pgf@xa=\dimen173
\pgf@ya=\dimen174
\pgf@xb=\dimen175
\pgf@yb=\dimen176
\pgf@xc=\dimen177
\pgf@yc=\dimen178
\pgf@xd=\dimen179
\pgf@yd=\dimen180
\w@pgf@writea=\write3
\r@pgf@reada=\read3
\c@pgf@counta=\count303
\c@pgf@countb=\count304
\c@pgf@countc=\count305
\c@pgf@countd=\count306
\t@pgf@toka=\toks31
\t@pgf@tokb=\toks32
\t@pgf@tokc=\toks33
\pgf@sys@id@count=\count307

(C:\Users\vikto\AppData\Local\Programs\MiKTeX\tex/generic/pgf/systemlayer\pgf.c
fg
File: pgf.cfg 2025-08-29 v3.1.11a (3.1.11a)
)
Driver file for pgf: pgfsys-pdftex.def

(C:\Users\vikto\AppData\Local\Programs\MiKTeX\tex/generic/pgf/systemlayer\pgfsy
s-pdftex.def
File: pgfsys-pdftex.def 2025-08-29 v3.1.11a (3.1.11a)

(C:\Users\vikto\AppData\Local\Programs\MiKTeX\tex/generic/pgf/systemlayer\pgfsy
s-common-pdf.def
File: pgfsys-common-pdf.def 2025-08-29 v3.1.11a (3.1.11a)
)))
(C:\Users\vikto\AppData\Local\Programs\MiKTeX\tex/generic/pgf/systemlayer\pgfsy
ssoftpath.code.tex
File: pgfsyssoftpath.code.tex 2025-08-29 v3.1.11a (3.1.11a)
\pgfsyssoftpath@smallbuffer@items=\count308
\pgfsyssoftpath@bigbuffer@items=\count309
)
(C:\Users\vikto\AppData\Local\Programs\MiKTeX\tex/generic/pgf/systemlayer\pgfsy
sprotocol.code.tex
File: pgfsysprotocol.code.tex 2025-08-29 v3.1.11a (3.1.11a)
))
(C:\Users\vikto\AppData\Local\Programs\MiKTeX\tex/latex/tools\tabularx.sty
Package: tabularx 2023/12/11 v2.12a `tabularx' package (DPC)

(C:\Users\vikto\AppData\Local\Programs\MiKTeX\tex/latex/tools\array.sty
Package: array 2025/06/08 v2.6j Tabular extension package (FMi)
\col@sep=\dimen181
\ar@mcellbox=\box61
\extrarowheight=\dimen182
\NC@list=\toks34
\extratabsurround=\skip56
\backup@length=\skip57
\ar@cellbox=\box62
)
\TX@col@width=\dimen183
\TX@old@table=\dimen184
\TX@old@col=\dimen185
\TX@target=\dimen186
\TX@delta=\dimen187
\TX@cols=\count310
\TX@ftn=\toks35
)
(C:\Users\vikto\AppData\Local\Programs\MiKTeX\tex/latex/booktabs\booktabs.sty
Package: booktabs 2020/01/12 v1.61803398 Publication quality tables
\heavyrulewidth=\dimen188
\lightrulewidth=\dimen189
\cmidrulewidth=\dimen190
\belowrulesep=\dimen191
\belowbottomsep=\dimen192
\aboverulesep=\dimen193
\abovetopsep=\dimen194
\cmidrulesep=\dimen195
\cmidrulekern=\dimen196
\defaultaddspace=\dimen197
\@cmidla=\count311
\@cmidlb=\count312
\@aboverulesep=\dimen198
\@belowrulesep=\dimen199
\@thisruleclass=\count313
\@lastruleclass=\count314
\@thisrulewidth=\dimen256
)
(C:\Users\vikto\AppData\Local\Programs\MiKTeX\tex/latex/colortbl\colortbl.sty
Package: colortbl 2024/10/29 v1.0k Color table columns (DPC)
\everycr=\toks36
\minrowclearance=\skip58
\rownum=\count315
)

LaTeX Warning: Package "xcolor" has already been loaded: ignoring load-time
(LaTeX)        option "xcdraw".


(C:\Users\vikto\AppData\Local\Programs\MiKTeX\tex/latex/pgf/frontendlayer\tikz.
sty
(C:\Users\vikto\AppData\Local\Programs\MiKTeX\tex/latex/pgf/basiclayer\pgf.sty
Package: pgf 2025-08-29 v3.1.11a (3.1.11a)

(C:\Users\vikto\AppData\Local\Programs\MiKTeX\tex/latex/pgf/basiclayer\pgfcore.
sty
(C:\Users\vikto\AppData\Local\Programs\MiKTeX\tex/generic/pgf/basiclayer\pgfcor
e.code.tex
Package: pgfcore 2025-08-29 v3.1.11a (3.1.11a)

(C:\Users\vikto\AppData\Local\Programs\MiKTeX\tex/generic/pgf/math\pgfmath.code
.tex
(C:\Users\vikto\AppData\Local\Programs\MiKTeX\tex/generic/pgf/math\pgfmathutil.
code.tex)
(C:\Users\vikto\AppData\Local\Programs\MiKTeX\tex/generic/pgf/math\pgfmathparse
r.code.tex
\pgfmath@dimen=\dimen257
\pgfmath@count=\count316
\pgfmath@box=\box63
\pgfmath@toks=\toks37
\pgfmath@stack@operand=\toks38
\pgfmath@stack@operation=\toks39
)
(C:\Users\vikto\AppData\Local\Programs\MiKTeX\tex/generic/pgf/math\pgfmathfunct
ions.code.tex)
(C:\Users\vikto\AppData\Local\Programs\MiKTeX\tex/generic/pgf/math\pgfmathfunct
ions.basic.code.tex)
(C:\Users\vikto\AppData\Local\Programs\MiKTeX\tex/generic/pgf/math\pgfmathfunct
ions.trigonometric.code.tex)
(C:\Users\vikto\AppData\Local\Programs\MiKTeX\tex/generic/pgf/math\pgfmathfunct
ions.random.code.tex)
(C:\Users\vikto\AppData\Local\Programs\MiKTeX\tex/generic/pgf/math\pgfmathfunct
ions.comparison.code.tex)
(C:\Users\vikto\AppData\Local\Programs\MiKTeX\tex/generic/pgf/math\pgfmathfunct
ions.base.code.tex)
(C:\Users\vikto\AppData\Local\Programs\MiKTeX\tex/generic/pgf/math\pgfmathfunct
ions.round.code.tex)
(C:\Users\vikto\AppData\Local\Programs\MiKTeX\tex/generic/pgf/math\pgfmathfunct
ions.misc.code.tex)
(C:\Users\vikto\AppData\Local\Programs\MiKTeX\tex/generic/pgf/math\pgfmathfunct
ions.integerarithmetics.code.tex)
(C:\Users\vikto\AppData\Local\Programs\MiKTeX\tex/generic/pgf/math\pgfmathcalc.
code.tex)
(C:\Users\vikto\AppData\Local\Programs\MiKTeX\tex/generic/pgf/math\pgfmathfloat
.code.tex
\c@pgfmathroundto@lastzeros=\count317
))
(C:\Users\vikto\AppData\Local\Programs\MiKTeX\tex/generic/pgf/math\pgfint.code.
tex)
(C:\Users\vikto\AppData\Local\Programs\MiKTeX\tex/generic/pgf/basiclayer\pgfcor
epoints.code.tex
File: pgfcorepoints.code.tex 2025-08-29 v3.1.11a (3.1.11a)
\pgf@picminx=\dimen258
\pgf@picmaxx=\dimen259
\pgf@picminy=\dimen260
\pgf@picmaxy=\dimen261
\pgf@pathminx=\dimen262
\pgf@pathmaxx=\dimen263
\pgf@pathminy=\dimen264
\pgf@pathmaxy=\dimen265
\pgf@xx=\dimen266
\pgf@xy=\dimen267
\pgf@yx=\dimen268
\pgf@yy=\dimen269
\pgf@zx=\dimen270
\pgf@zy=\dimen271
)
(C:\Users\vikto\AppData\Local\Programs\MiKTeX\tex/generic/pgf/basiclayer\pgfcor
epathconstruct.code.tex
File: pgfcorepathconstruct.code.tex 2025-08-29 v3.1.11a (3.1.11a)
\pgf@path@lastx=\dimen272
\pgf@path@lasty=\dimen273
)
(C:\Users\vikto\AppData\Local\Programs\MiKTeX\tex/generic/pgf/basiclayer\pgfcor
epathusage.code.tex
File: pgfcorepathusage.code.tex 2025-08-29 v3.1.11a (3.1.11a)
\pgf@shorten@end@additional=\dimen274
\pgf@shorten@start@additional=\dimen275
)
(C:\Users\vikto\AppData\Local\Programs\MiKTeX\tex/generic/pgf/basiclayer\pgfcor
escopes.code.tex
File: pgfcorescopes.code.tex 2025-08-29 v3.1.11a (3.1.11a)
\pgfpic=\box64
\pgf@hbox=\box65
\pgf@layerbox@main=\box66
\pgf@picture@serial@count=\count318
)
(C:\Users\vikto\AppData\Local\Programs\MiKTeX\tex/generic/pgf/basiclayer\pgfcor
egraphicstate.code.tex
File: pgfcoregraphicstate.code.tex 2025-08-29 v3.1.11a (3.1.11a)
\pgflinewidth=\dimen276
)
(C:\Users\vikto\AppData\Local\Programs\MiKTeX\tex/generic/pgf/basiclayer\pgfcor
etransformations.code.tex
File: pgfcoretransformations.code.tex 2025-08-29 v3.1.11a (3.1.11a)
\pgf@pt@x=\dimen277
\pgf@pt@y=\dimen278
\pgf@pt@temp=\dimen279
)
(C:\Users\vikto\AppData\Local\Programs\MiKTeX\tex/generic/pgf/basiclayer\pgfcor
equick.code.tex
File: pgfcorequick.code.tex 2025-08-29 v3.1.11a (3.1.11a)
)
(C:\Users\vikto\AppData\Local\Programs\MiKTeX\tex/generic/pgf/basiclayer\pgfcor
eobjects.code.tex
File: pgfcoreobjects.code.tex 2025-08-29 v3.1.11a (3.1.11a)
)
(C:\Users\vikto\AppData\Local\Programs\MiKTeX\tex/generic/pgf/basiclayer\pgfcor
epathprocessing.code.tex
File: pgfcorepathprocessing.code.tex 2025-08-29 v3.1.11a (3.1.11a)
)
(C:\Users\vikto\AppData\Local\Programs\MiKTeX\tex/generic/pgf/basiclayer\pgfcor
earrows.code.tex
File: pgfcorearrows.code.tex 2025-08-29 v3.1.11a (3.1.11a)
\pgfarrowsep=\dimen280
)
(C:\Users\vikto\AppData\Local\Programs\MiKTeX\tex/generic/pgf/basiclayer\pgfcor
eshade.code.tex
File: pgfcoreshade.code.tex 2025-08-29 v3.1.11a (3.1.11a)
\pgf@max=\dimen281
\pgf@sys@shading@range@num=\count319
\pgf@shadingcount=\count320
)
(C:\Users\vikto\AppData\Local\Programs\MiKTeX\tex/generic/pgf/basiclayer\pgfcor
eimage.code.tex
File: pgfcoreimage.code.tex 2025-08-29 v3.1.11a (3.1.11a)
)
(C:\Users\vikto\AppData\Local\Programs\MiKTeX\tex/generic/pgf/basiclayer\pgfcor
eexternal.code.tex
File: pgfcoreexternal.code.tex 2025-08-29 v3.1.11a (3.1.11a)
\pgfexternal@startupbox=\box67
)
(C:\Users\vikto\AppData\Local\Programs\MiKTeX\tex/generic/pgf/basiclayer\pgfcor
elayers.code.tex
File: pgfcorelayers.code.tex 2025-08-29 v3.1.11a (3.1.11a)
)
(C:\Users\vikto\AppData\Local\Programs\MiKTeX\tex/generic/pgf/basiclayer\pgfcor
etransparency.code.tex
File: pgfcoretransparency.code.tex 2025-08-29 v3.1.11a (3.1.11a)
)
(C:\Users\vikto\AppData\Local\Programs\MiKTeX\tex/generic/pgf/basiclayer\pgfcor
epatterns.code.tex
File: pgfcorepatterns.code.tex 2025-08-29 v3.1.11a (3.1.11a)
)
(C:\Users\vikto\AppData\Local\Programs\MiKTeX\tex/generic/pgf/basiclayer\pgfcor
erdf.code.tex
File: pgfcorerdf.code.tex 2025-08-29 v3.1.11a (3.1.11a)
)))
(C:\Users\vikto\AppData\Local\Programs\MiKTeX\tex/generic/pgf/modules\pgfmodule
shapes.code.tex
File: pgfmoduleshapes.code.tex 2025-08-29 v3.1.11a (3.1.11a)
\pgfnodeparttextbox=\box68
)
(C:\Users\vikto\AppData\Local\Programs\MiKTeX\tex/generic/pgf/modules\pgfmodule
plot.code.tex
File: pgfmoduleplot.code.tex 2025-08-29 v3.1.11a (3.1.11a)
)
(C:\Users\vikto\AppData\Local\Programs\MiKTeX\tex/latex/pgf/compatibility\pgfco
mp-version-0-65.sty
Package: pgfcomp-version-0-65 2025-08-29 v3.1.11a (3.1.11a)
\pgf@nodesepstart=\dimen282
\pgf@nodesepend=\dimen283
)
(C:\Users\vikto\AppData\Local\Programs\MiKTeX\tex/latex/pgf/compatibility\pgfco
mp-version-1-18.sty
Package: pgfcomp-version-1-18 2025-08-29 v3.1.11a (3.1.11a)
))
(C:\Users\vikto\AppData\Local\Programs\MiKTeX\tex/latex/pgf/utilities\pgffor.st
y
(C:\Users\vikto\AppData\Local\Programs\MiKTeX\tex/latex/pgf/utilities\pgfkeys.s
ty
(C:\Users\vikto\AppData\Local\Programs\MiKTeX\tex/generic/pgf/utilities\pgfkeys
.code.tex))
(C:\Users\vikto\AppData\Local\Programs\MiKTeX\tex/latex/pgf/math\pgfmath.sty
(C:\Users\vikto\AppData\Local\Programs\MiKTeX\tex/generic/pgf/math\pgfmath.code
.tex))
(C:\Users\vikto\AppData\Local\Programs\MiKTeX\tex/generic/pgf/utilities\pgffor.
code.tex
Package: pgffor 2025-08-29 v3.1.11a (3.1.11a)
\pgffor@iter=\dimen284
\pgffor@skip=\dimen285
\pgffor@stack=\toks40
\pgffor@toks=\toks41
))
(C:\Users\vikto\AppData\Local\Programs\MiKTeX\tex/generic/pgf/frontendlayer/tik
z\tikz.code.tex
Package: tikz 2025-08-29 v3.1.11a (3.1.11a)

(C:\Users\vikto\AppData\Local\Programs\MiKTeX\tex/generic/pgf/libraries\pgflibr
aryplothandlers.code.tex
File: pgflibraryplothandlers.code.tex 2025-08-29 v3.1.11a (3.1.11a)
\pgf@plot@mark@count=\count321
\pgfplotmarksize=\dimen286
)
\tikz@lastx=\dimen287
\tikz@lasty=\dimen288
\tikz@lastxsaved=\dimen289
\tikz@lastysaved=\dimen290
\tikz@lastmovetox=\dimen291
\tikz@lastmovetoy=\dimen292
\tikzleveldistance=\dimen293
\tikzsiblingdistance=\dimen294
\tikz@figbox=\box69
\tikz@figbox@bg=\box70
\tikz@tempbox=\box71
\tikz@tempbox@bg=\box72
\tikztreelevel=\count322
\tikznumberofchildren=\count323
\tikznumberofcurrentchild=\count324
\tikz@fig@count=\count325

(C:\Users\vikto\AppData\Local\Programs\MiKTeX\tex/generic/pgf/modules\pgfmodule
matrix.code.tex
File: pgfmodulematrix.code.tex 2025-08-29 v3.1.11a (3.1.11a)
\pgfmatrixcurrentrow=\count326
\pgfmatrixcurrentcolumn=\count327
\pgf@matrix@numberofcolumns=\count328
)
\tikz@expandcount=\count329

(C:\Users\vikto\AppData\Local\Programs\MiKTeX\tex/generic/pgf/frontendlayer/tik
z/libraries\tikzlibrarytopaths.code.tex
File: tikzlibrarytopaths.code.tex 2025-08-29 v3.1.11a (3.1.11a)
)))
(C:\Users\vikto\AppData\Local\Programs\MiKTeX\tex/generic/pgf/frontendlayer/tik
z/libraries\tikzlibraryshapes.code.tex
File: tikzlibraryshapes.code.tex 2025-08-29 v3.1.11a (3.1.11a)

(C:\Users\vikto\AppData\Local\Programs\MiKTeX\tex/generic/pgf/frontendlayer/tik
z/libraries\tikzlibraryshapes.geometric.code.tex
File: tikzlibraryshapes.geometric.code.tex 2025-08-29 v3.1.11a (3.1.11a)

(C:\Users\vikto\AppData\Local\Programs\MiKTeX\tex/generic/pgf/libraries/shapes\
pgflibraryshapes.geometric.code.tex
File: pgflibraryshapes.geometric.code.tex 2025-08-29 v3.1.11a (3.1.11a)
))
(C:\Users\vikto\AppData\Local\Programs\MiKTeX\tex/generic/pgf/frontendlayer/tik
z/libraries\tikzlibraryshapes.misc.code.tex
File: tikzlibraryshapes.misc.code.tex 2025-08-29 v3.1.11a (3.1.11a)

(C:\Users\vikto\AppData\Local\Programs\MiKTeX\tex/generic/pgf/libraries/shapes\
pgflibraryshapes.misc.code.tex
File: pgflibraryshapes.misc.code.tex 2025-08-29 v3.1.11a (3.1.11a)
))
(C:\Users\vikto\AppData\Local\Programs\MiKTeX\tex/generic/pgf/frontendlayer/tik
z/libraries\tikzlibraryshapes.symbols.code.tex
File: tikzlibraryshapes.symbols.code.tex 2025-08-29 v3.1.11a (3.1.11a)

(C:\Users\vikto\AppData\Local\Programs\MiKTeX\tex/generic/pgf/libraries/shapes\
pgflibraryshapes.symbols.code.tex
File: pgflibraryshapes.symbols.code.tex 2025-08-29 v3.1.11a (3.1.11a)
))
(C:\Users\vikto\AppData\Local\Programs\MiKTeX\tex/generic/pgf/frontendlayer/tik
z/libraries\tikzlibraryshapes.arrows.code.tex
File: tikzlibraryshapes.arrows.code.tex 2025-08-29 v3.1.11a (3.1.11a)

(C:\Users\vikto\AppData\Local\Programs\MiKTeX\tex/generic/pgf/libraries/shapes\
pgflibraryshapes.arrows.code.tex
File: pgflibraryshapes.arrows.code.tex 2025-08-29 v3.1.11a (3.1.11a)
))
(C:\Users\vikto\AppData\Local\Programs\MiKTeX\tex/generic/pgf/frontendlayer/tik
z/libraries\tikzlibraryshapes.callouts.code.tex
(C:\Users\vikto\AppData\Local\Programs\MiKTeX\tex/generic/pgf/libraries/shapes\
pgflibraryshapes.callouts.code.tex))
(C:\Users\vikto\AppData\Local\Programs\MiKTeX\tex/generic/pgf/frontendlayer/tik
z/libraries\tikzlibraryshapes.multipart.code.tex
File: tikzlibraryshapes.multipart.code.tex 2025-08-29 v3.1.11a (3.1.11a)

(C:\Users\vikto\AppData\Local\Programs\MiKTeX\tex/generic/pgf/libraries/shapes\
pgflibraryshapes.multipart.code.tex
File: pgflibraryshapes.multipart.code.tex 2025-08-29 v3.1.11a (3.1.11a)
\pgfnodepartlowerbox=\box73
\pgfnodeparttwobox=\box74
\pgfnodepartthreebox=\box75
\pgfnodepartfourbox=\box76
\pgfnodeparttwentybox=\box77
\pgfnodepartnineteenbox=\box78
\pgfnodeparteighteenbox=\box79
\pgfnodepartseventeenbox=\box80
\pgfnodepartsixteenbox=\box81
\pgfnodepartfifteenbox=\box82
\pgfnodepartfourteenbox=\box83
\pgfnodepartthirteenbox=\box84
\pgfnodeparttwelvebox=\box85
\pgfnodepartelevenbox=\box86
\pgfnodeparttenbox=\box87
\pgfnodepartninebox=\box88
\pgfnodeparteightbox=\box89
\pgfnodepartsevenbox=\box90
\pgfnodepartsixbox=\box91
\pgfnodepartfivebox=\box92
)))
(C:\Users\vikto\AppData\Local\Programs\MiKTeX\tex/generic/pgf/frontendlayer/tik
z/libraries\tikzlibraryarrows.code.tex
File: tikzlibraryarrows.code.tex 2025-08-29 v3.1.11a (3.1.11a)

(C:\Users\vikto\AppData\Local\Programs\MiKTeX\tex/generic/pgf/libraries\pgflibr
aryarrows.code.tex
File: pgflibraryarrows.code.tex 2025-08-29 v3.1.11a (3.1.11a)
\arrowsize=\dimen295
))
(C:\Users\vikto\AppData\Local\Programs\MiKTeX\tex/generic/pgf/frontendlayer/tik
z/libraries\tikzlibrarypositioning.code.tex
File: tikzlibrarypositioning.code.tex 2025-08-29 v3.1.11a (3.1.11a)
)
(C:\Users\vikto\AppData\Local\Programs\MiKTeX\tex/generic/pgf/frontendlayer/tik
z/libraries\tikzlibrarycalc.code.tex
File: tikzlibrarycalc.code.tex 2025-08-29 v3.1.11a (3.1.11a)
)
(C:\Users\vikto\AppData\Local\Programs\MiKTeX\tex/latex/titling\titling.sty
Package: titling 2009/09/04 v2.1d maketitle typesetting
\thanksmarkwidth=\skip59
\thanksmargin=\skip60
\droptitle=\skip61
)
(C:\Users\vikto\AppData\Local\Programs\MiKTeX\tex/latex/hyperref\hyperref.sty
Package: hyperref 2025-07-12 v7.01o Hypertext links for LaTeX

(C:\Users\vikto\AppData\Local\Programs\MiKTeX\tex/latex/kvsetkeys\kvsetkeys.sty
Package: kvsetkeys 2022-10-05 v1.19 Key value parser (HO)
)
(C:\Users\vikto\AppData\Local\Programs\MiKTeX\tex/generic/kvdefinekeys\kvdefine
keys.sty
Package: kvdefinekeys 2019-12-19 v1.6 Define keys (HO)
)
(C:\Users\vikto\AppData\Local\Programs\MiKTeX\tex/generic/pdfescape\pdfescape.s
ty
Package: pdfescape 2019/12/09 v1.15 Implements pdfTeX's escape features (HO)
) (C:\Users\vikto\AppData\Local\Programs\MiKTeX\tex/latex/hycolor\hycolor.sty
Package: hycolor 2020-01-27 v1.10 Color options for hyperref/bookmark (HO)
) (C:\Users\vikto\AppData\Local\Programs\MiKTeX\tex/latex/hyperref\nameref.sty
Package: nameref 2025-06-21 v2.57 Cross-referencing by name of section

(C:\Users\vikto\AppData\Local\Programs\MiKTeX\tex/latex/refcount\refcount.sty
Package: refcount 2019/12/15 v3.6 Data extraction from label references (HO)
)
(C:\Users\vikto\AppData\Local\Programs\MiKTeX\tex/generic/gettitlestring\gettit
lestring.sty
Package: gettitlestring 2019/12/15 v1.6 Cleanup title references (HO)

(C:\Users\vikto\AppData\Local\Programs\MiKTeX\tex/latex/kvoptions\kvoptions.sty
Package: kvoptions 2022-06-15 v3.15 Key value format for package options (HO)
))
\c@section@level=\count330
)
(C:\Users\vikto\AppData\Local\Programs\MiKTeX\tex/generic/stringenc\stringenc.s
ty
Package: stringenc 2019/11/29 v1.12 Convert strings between diff. encodings (HO
)
)
\@linkdim=\dimen296
\Hy@linkcounter=\count331
\Hy@pagecounter=\count332
 (C:\Users\vikto\AppData\Local\Programs\MiKTeX\tex/latex/hyperref\pd1enc.def
File: pd1enc.def 2025-07-12 v7.01o Hyperref: PDFDocEncoding definition (HO)
Now handling font encoding PD1 ...
... no UTF-8 mapping file for font encoding PD1
) (C:\Users\vikto\AppData\Local\Programs\MiKTeX\tex/generic/intcalc\intcalc.sty
Package: intcalc 2019/12/15 v1.3 Expandable calculations with integers (HO)
)
\Hy@SavedSpaceFactor=\count333
 (C:\Users\vikto\AppData\Local\Programs\MiKTeX\tex/latex/hyperref\puenc.def
File: puenc.def 2025-07-12 v7.01o Hyperref: PDF Unicode definition (HO)
Now handling font encoding PU ...
... no UTF-8 mapping file for font encoding PU
)
Package hyperref Info: Hyper figures OFF on input line 4195.
Package hyperref Info: Link nesting OFF on input line 4200.
Package hyperref Info: Hyper index ON on input line 4203.
Package hyperref Info: Plain pages OFF on input line 4210.
Package hyperref Info: Backreferencing OFF on input line 4215.
Package hyperref Info: Implicit mode ON; LaTeX internals redefined.
Package hyperref Info: Bookmarks ON on input line 4462.
\c@Hy@tempcnt=\count334

(C:\Users\vikto\AppData\Local\Programs\MiKTeX\tex/latex/url\url.sty
\Urlmuskip=\muskip17
Package: url 2013/09/16  ver 3.4  Verb mode for urls, etc.
)
LaTeX Info: Redefining \url on input line 4801.
\XeTeXLinkMargin=\dimen297

(C:\Users\vikto\AppData\Local\Programs\MiKTeX\tex/generic/bitset\bitset.sty
Package: bitset 2019/12/09 v1.3 Handle bit-vector datatype (HO)

(C:\Users\vikto\AppData\Local\Programs\MiKTeX\tex/generic/bigintcalc\bigintcalc
.sty
Package: bigintcalc 2019/12/15 v1.5 Expandable calculations on big integers (HO
)
))
\Fld@menulength=\count335
\Field@Width=\dimen298
\Fld@charsize=\dimen299
Package hyperref Info: Hyper figures OFF on input line 6078.
Package hyperref Info: Link nesting OFF on input line 6083.
Package hyperref Info: Hyper index ON on input line 6086.
Package hyperref Info: backreferencing OFF on input line 6093.
Package hyperref Info: Link coloring OFF on input line 6098.
Package hyperref Info: Link coloring with OCG OFF on input line 6103.
Package hyperref Info: PDF/A mode OFF on input line 6108.
\Hy@abspage=\count336
\c@Item=\count337
\c@Hfootnote=\count338
)
Package hyperref Info: Driver (autodetected): hpdftex.

(C:\Users\vikto\AppData\Local\Programs\MiKTeX\tex/latex/hyperref\hpdftex.def
File: hpdftex.def 2025-07-12 v7.01o Hyperref driver for pdfTeX
\Fld@listcount=\count339
\c@bookmark@seq@number=\count340

(C:\Users\vikto\AppData\Local\Programs\MiKTeX\tex/latex/rerunfilecheck\rerunfil
echeck.sty
Package: rerunfilecheck 2025-06-21 v1.11 Rerun checks for auxiliary files (HO)

(C:\Users\vikto\AppData\Local\Programs\MiKTeX\tex/generic/uniquecounter\uniquec
ounter.sty
Package: uniquecounter 2019/12/15 v1.4 Provide unlimited unique counter (HO)
)
Package uniquecounter Info: New unique counter `rerunfilecheck' on input line 2
84.
)
\Hy@SectionHShift=\skip62
)
(C:\Users\vikto\AppData\Local\Programs\MiKTeX\tex/latex/bookmark\bookmark.sty
Package: bookmark 2023-12-10 v1.31 PDF bookmarks (HO)

(C:\Users\vikto\AppData\Local\Programs\MiKTeX\tex/latex/bookmark\bkm-pdftex.def
File: bkm-pdftex.def 2023-12-10 v1.31 bookmark driver for pdfTeX and luaTeX (HO
)
\BKM@id=\count341
))
LaTeX Font Info:    Trying to load font information for T1+lmr on input line 93
.
 (C:\Users\vikto\AppData\Local\Programs\MiKTeX\tex/latex/lm\t1lmr.fd
File: t1lmr.fd 2015/05/01 v1.6.1 Font defs for Latin Modern
)
(C:\Users\vikto\AppData\Local\Programs\MiKTeX\tex/latex/l3backend\l3backend-pdf
tex.def
File: l3backend-pdftex.def 2025-06-09 L3 backend support: PDF output (pdfTeX)
\l__color_backend_stack_int=\count342
) (main.aux
Package babel Info: 'ngerman' activates 'ngerman' shorthands.
(babel)             Reported on input line 10.


LaTeX Warning: Label `fig:swot-produkt' multiply defined.

)
\openout1 = `main.aux'.

LaTeX Font Info:    Checking defaults for OML/cmm/m/it on input line 93.
LaTeX Font Info:    ... okay on input line 93.
LaTeX Font Info:    Checking defaults for OMS/cmsy/m/n on input line 93.
LaTeX Font Info:    ... okay on input line 93.
LaTeX Font Info:    Checking defaults for OT1/cmr/m/n on input line 93.
LaTeX Font Info:    ... okay on input line 93.
LaTeX Font Info:    Checking defaults for T1/cmr/m/n on input line 93.
LaTeX Font Info:    ... okay on input line 93.
LaTeX Font Info:    Checking defaults for TS1/cmr/m/n on input line 93.
LaTeX Font Info:    ... okay on input line 93.
LaTeX Font Info:    Checking defaults for OMX/cmex/m/n on input line 93.
LaTeX Font Info:    ... okay on input line 93.
LaTeX Font Info:    Checking defaults for U/cmr/m/n on input line 93.
LaTeX Font Info:    ... okay on input line 93.
LaTeX Font Info:    Checking defaults for PD1/pdf/m/n on input line 93.
LaTeX Font Info:    ... okay on input line 93.
LaTeX Font Info:    Checking defaults for PU/pdf/m/n on input line 93.
LaTeX Font Info:    ... okay on input line 93.

(C:\Users\vikto\AppData\Local\Programs\MiKTeX\tex/context/base/mkii\supp-pdf.mk
ii
[Loading MPS to PDF converter (version 2006.09.02).]
\scratchcounter=\count343
\scratchdimen=\dimen300
\scratchbox=\box93
\nofMPsegments=\count344
\nofMParguments=\count345
\everyMPshowfont=\toks42
\MPscratchCnt=\count346
\MPscratchDim=\dimen301
\MPnumerator=\count347
\makeMPintoPDFobject=\count348
\everyMPtoPDFconversion=\toks43
)
(C:\Users\vikto\AppData\Local\Programs\MiKTeX\tex/latex/epstopdf-pkg\epstopdf-b
ase.sty
Package: epstopdf-base 2020-01-24 v2.11 Base part for package epstopdf
Package epstopdf-base Info: Redefining graphics rule for `.eps' on input line 4
85.

(C:\Users\vikto\AppData\Local\Programs\MiKTeX\tex/latex/00miktex\epstopdf-sys.c
fg
File: epstopdf-sys.cfg 2021/03/18 v2.0 Configuration of epstopdf for MiKTeX
))
(C:\Users\vikto\AppData\Local\Programs\MiKTeX\tex/latex/pdflscape\pdflscape.sty
Package: pdflscape 2022-10-27 v0.13 Display of landscape pages in PDF

(C:\Users\vikto\AppData\Local\Programs\MiKTeX\tex/latex/pdflscape\pdflscape-nom
etadata.sty
Package: pdflscape-nometadata 2022-10-28 v0.13 Display of landscape pages in PD
F (HO)

(C:\Users\vikto\AppData\Local\Programs\MiKTeX\tex/latex/graphics\lscape.sty
Package: lscape 2020/05/28 v3.02 Landscape Pages (DPC)
)
Package pdflscape Info: Auto-detected driver: pdftex on input line 81.
))
LaTeX Info: Redefining \microtypecontext on input line 93.
Package microtype Info: Applying patch `item' on input line 93.
Package microtype Info: Applying patch `toc' on input line 93.
Package microtype Info: Applying patch `eqnum' on input line 93.
Package microtype Info: Applying patch `footnote' on input line 93.
Package microtype Info: Applying patch `verbatim' on input line 93.
LaTeX Info: Redefining \microtypesetup on input line 93.
Package microtype Info: Generating PDF output.
Package microtype Info: Character protrusion enabled (level 2).
Package microtype Info: Using default protrusion set `alltext'.
Package microtype Info: Automatic font expansion enabled (level 2),
(microtype)             stretch: 20, shrink: 20, step: 1, non-selected.
Package microtype Info: Using default expansion set `alltext-nott'.
Package microtype Info: Patching command `\showhyphens'.
Package microtype Info: No adjustment of tracking.
Package microtype Info: No adjustment of interword spacing.
Package microtype Info: No adjustment of character kerning.

(C:\Users\vikto\AppData\Local\Programs\MiKTeX\tex/latex/microtype\mt-cmr.cfg
File: mt-cmr.cfg 2013/05/19 v2.2 microtype config. file: Computer Modern Roman 
(RS)
)
*geometry* driver: auto-detecting
*geometry* detected driver: pdftex
*geometry* verbose mode - [ preamble ] result:
* driver: pdftex
* paper: letterpaper
* layout: <same size as paper>
* layoutoffset:(h,v)=(0.0pt,0.0pt)
* modes: heightrounded 
* h-part:(L,W,R)=(72.26999pt, 469.75502pt, 72.26999pt)
* v-part:(T,H,B)=(72.26999pt, 650.43001pt, 72.26999pt)
* \paperwidth=614.295pt
* \paperheight=794.96999pt
* \textwidth=469.75502pt
* \textheight=646.0pt
* \oddsidemargin=0.0pt
* \evensidemargin=0.0pt
* \topmargin=-37.0pt
* \headheight=12.0pt
* \headsep=25.0pt
* \topskip=10.0pt
* \footskip=30.0pt
* \marginparwidth=65.0pt
* \marginparsep=11.0pt
* \columnsep=10.0pt
* \skip\footins=9.0pt plus 4.0pt minus 2.0pt
* \hoffset=0.0pt
* \voffset=0.0pt
* \mag=1000
* \@twocolumnfalse
* \@twosidefalse
* \@mparswitchfalse
* \@reversemarginfalse
* (1in=72.27pt=25.4mm, 1cm=28.453pt)

Package hyperref Info: Link coloring OFF on input line 93.
<SensorBear_Logo.png, id=6, 562.35094pt x 149.05687pt>
File: SensorBear_Logo.png Graphic file (type png)
<use SensorBear_Logo.png>
Package pdftex.def Info: SensorBear_Logo.png  used on input line 95.
(pdftex.def)             Requested size: 375.80544pt x 99.61057pt.


[1

{C:/Users/vikto/AppData/Local/MiKTeX/fonts/map/pdftex/pdftex.map}{C:/Users/vikt
o/AppData/Local/Programs/MiKTeX/fonts/enc/dvips/lm/lm-ec.enc} <./SensorBear_Log
o.png>] (main.toc
LaTeX Font Info:    Trying to load font information for OT1+lmr on input line 3
.

(C:\Users\vikto\AppData\Local\Programs\MiKTeX\tex/latex/lm\ot1lmr.fd
File: ot1lmr.fd 2015/05/01 v1.6.1 Font defs for Latin Modern
)
LaTeX Font Info:    Trying to load font information for OML+lmm on input line 3
.

(C:\Users\vikto\AppData\Local\Programs\MiKTeX\tex/latex/lm\omllmm.fd
File: omllmm.fd 2015/05/01 v1.6.1 Font defs for Latin Modern
)
LaTeX Font Info:    Trying to load font information for OMS+lmsy on input line 
3.

(C:\Users\vikto\AppData\Local\Programs\MiKTeX\tex/latex/lm\omslmsy.fd
File: omslmsy.fd 2015/05/01 v1.6.1 Font defs for Latin Modern
)
LaTeX Font Info:    Trying to load font information for OMX+lmex on input line 
3.

(C:\Users\vikto\AppData\Local\Programs\MiKTeX\tex/latex/lm\omxlmex.fd
File: omxlmex.fd 2015/05/01 v1.6.1 Font defs for Latin Modern
)
LaTeX Font Info:    External font `lmex10' loaded for size
(Font)              <10> on input line 3.
LaTeX Font Info:    External font `lmex10' loaded for size
(Font)              <7> on input line 3.
LaTeX Font Info:    External font `lmex10' loaded for size
(Font)              <5> on input line 3.
)
\tf@toc=\write4
\openout4 = `main.toc'.



[1

]
Package svg Info: Last page of `./svg-inkscape/DeadlinesTimelineCycle_svg-tex.p
df' is 1 on input line 119.
 (svg-inkscape/DeadlinesTimelineCycle_svg-tex.pdf_tex
<./svg-inkscape/DeadlinesTimelineCycle_svg-tex.pdf, id=87, page=1, 1199.32098pt
 x 565.1523pt>
File: ./svg-inkscape/DeadlinesTimelineCycle_svg-tex.pdf Graphic file (type pdf)

<use ./svg-inkscape/DeadlinesTimelineCycle_svg-tex.pdf, page 1>
Package pdftex.def Info: ./svg-inkscape/DeadlinesTimelineCycle_svg-tex.pdf , pa
ge1 used on input line 56.
(pdftex.def)             Requested size: 469.75502pt x 221.35709pt.
)
Package svg Info: Last page of `./svg-inkscape/BearingPoint_logo_svg-tex.pdf' i
s 1 on input line 130.

(svg-inkscape/BearingPoint_logo_svg-tex.pdf_tex
<./svg-inkscape/BearingPoint_logo_svg-tex.pdf, id=89, page=1, 1128.18228pt x 18
8.20313pt>
File: ./svg-inkscape/BearingPoint_logo_svg-tex.pdf Graphic file (type pdf)
<use ./svg-inkscape/BearingPoint_logo_svg-tex.pdf, page 1>
Package pdftex.def Info: ./svg-inkscape/BearingPoint_logo_svg-tex.pdf , page1 u
sed on input line 56.
(pdftex.def)             Requested size: 211.38832pt x 35.26215pt.
)
<UI_Mockup_Web.png, id=90, 1508.63625pt x 844.15375pt>
File: UI_Mockup_Web.png Graphic file (type png)
<use UI_Mockup_Web.png>
Package pdftex.def Info: UI_Mockup_Web.png  used on input line 148.
(pdftex.def)             Requested size: 469.75502pt x 262.84422pt.



pdfTeX warning (ext4): destination with the same identifier (name{page.1}) has 
been already used, duplicate ignored
<to be read again> 
                   \relax 
l.152 
       [1

 <./svg-inkscape/DeadlinesTimelineCycle_svg-tex.pdf> <./svg-inkscape/BearingPoi
nt_logo_svg-tex.pdf

pdfTeX warning: pdflatex (file ./svg-inkscape/BearingPoint_logo_svg-tex.pdf): P
DF inclusion: multiple pdfs with page group included in a single page
>]
<UI_Mockup_IOS.png, id=210, 239.89626pt x 529.47812pt>
File: UI_Mockup_IOS.png Graphic file (type png)
<use UI_Mockup_IOS.png>
Package pdftex.def Info: UI_Mockup_IOS.png  used on input line 155.
(pdftex.def)             Requested size: 263.43643pt x 581.43399pt.


[2 <./UI_Mockup_Web.png>]
LaTeX Font Info:    Trying to load font information for TS1+lmr on input line 1
67.

(C:\Users\vikto\AppData\Local\Programs\MiKTeX\tex/latex/lm\ts1lmr.fd
File: ts1lmr.fd 2015/05/01 v1.6.1 Font defs for Latin Modern
)

[3 <./UI_Mockup_IOS.png>]
LaTeX Font Info:    Trying to load font information for T1+lmtt on input line 2
03.

(C:\Users\vikto\AppData\Local\Programs\MiKTeX\tex/latex/lm\t1lmtt.fd
File: t1lmtt.fd 2015/05/01 v1.6.1 Font defs for Latin Modern
)
Package microtype Info: Loading generic protrusion settings for font family
(microtype)             `lmtt' (encoding: T1).
(microtype)             For optimal results, create family-specific settings.
(microtype)             See the microtype manual for details.


[4{C:/Users/vikto/AppData/Local/Programs/MiKTeX/fonts/enc/dvips/lm/lm-ts1.enc}]

Underfull \hbox (badness 3838) in paragraph at lines 250--250
[]|\T1/lmr/m/n/10 (+20) Mockups, Sys-tem-dar-stel-lung,
 []


Underfull \hbox (badness 1939) in paragraph at lines 250--250
[]|\T1/lmr/m/n/10 (+20) Speicherung & Ana-ly-se der
 []



[5]
main.tex:276: Undefined control sequence.
l.276   \item[Berechnung:] \((\text
                                   {Anzahl der erfolgreichen Tests}) / (\tex...
The control sequence at the end of the top line
of your error message was never \def'ed. If you have
misspelled it (e.g., `\hobx'), type `I' and the correct
spelling (e.g., `I\hbox'). Otherwise just continue,
and I'll forget about whatever was undefined.

main.tex:276: Undefined control sequence.
l.276 ...Anzahl der erfolgreichen Tests}) / (\text
                                                  {Anzahl der durchgef√ºhrte...
The control sequence at the end of the top line
of your error message was never \def'ed. If you have
misspelled it (e.g., `\hobx'), type `I' and the correct
spelling (e.g., `I\hbox'). Otherwise just continue,
and I'll forget about whatever was undefined.


LaTeX Warning: Command \" invalid in math mode on input line 276.

LaTeX Font Info:    External font `lmex10' loaded for size
(Font)              <14.4> on input line 304.


[6{C:/Users/vikto/AppData/Local/Programs/MiKTeX/fonts/enc/dvips/lm/lm-rm.enc}{C
:/Users/vikto/AppData/Local/Programs/MiKTeX/fonts/enc/dvips/lm/lm-mathit.enc}{C
:/Users/vikto/AppData/Local/Programs/MiKTeX/fonts/enc/dvips/lm/lm-mathsy.enc}]
<CPP_logo.png, id=251, 113.004pt x 127.1295pt>
File: CPP_logo.png Graphic file (type png)
<use CPP_logo.png>
Package pdftex.def Info: CPP_logo.png  used on input line 390.
(pdftex.def)             Requested size: 55.63971pt x 62.59596pt.
<ESPRESSIF_logo.png, id=252, 113.67468pt x 113.67468pt>
File: ESPRESSIF_logo.png Graphic file (type png)
<use ESPRESSIF_logo.png>
Package pdftex.def Info: ESPRESSIF_logo.png  used on input line 391.
(pdftex.def)             Requested size: 62.59584pt x 62.59596pt.
Package svg Info: Last page of `./svg-inkscape/CS_logo_svg-tex.pdf' is 1 on inp
ut line 393.

(svg-inkscape/CS_logo_svg-tex.pdf_tex
<./svg-inkscape/CS_logo_svg-tex.pdf, id=254, page=1, 94.28976pt x 110.00473pt>
File: ./svg-inkscape/CS_logo_svg-tex.pdf Graphic file (type pdf)
<use ./svg-inkscape/CS_logo_svg-tex.pdf, page 1>
Package pdftex.def Info: ./svg-inkscape/CS_logo_svg-tex.pdf , page1 used on inp
ut line 56.
(pdftex.def)             Requested size: 53.6549pt x 62.59758pt.
)
Package svg Info: Last page of `./svg-inkscape/ASP_NET_logo_svg-tex.pdf' is 1 o
n input line 394.

(svg-inkscape/ASP_NET_logo_svg-tex.pdf_tex
<./svg-inkscape/ASP_NET_logo_svg-tex.pdf, id=256, page=1, 108.405pt x 108.405pt
>
File: ./svg-inkscape/ASP_NET_logo_svg-tex.pdf Graphic file (type pdf)
<use ./svg-inkscape/ASP_NET_logo_svg-tex.pdf, page 1>
Package pdftex.def Info: ./svg-inkscape/ASP_NET_logo_svg-tex.pdf , page1 used o
n input line 56.
(pdftex.def)             Requested size: 62.59596pt x 62.59703pt.
)
<Electron_logo.png, id=257, 237.13594pt x 80.55093pt>
File: Electron_logo.png Graphic file (type png)
<use Electron_logo.png>
Package pdftex.def Info: Electron_logo.png  used on input line 396.
(pdftex.def)             Requested size: 85.358pt x 28.99461pt.
<PostgresSQL_logo.png, id=258, 120.45pt x 119.69719pt>
File: PostgresSQL_logo.png Graphic file (type png)
<use PostgresSQL_logo.png>
Package pdftex.def Info: PostgresSQL_logo.png  used on input line 403.
(pdftex.def)             Requested size: 62.98906pt x 62.59538pt.
<Timescale_logo.png, id=259, 300.25577pt x 84.93588pt>
File: Timescale_logo.png Graphic file (type png)
<use Timescale_logo.png>
Package pdftex.def Info: Timescale_logo.png  used on input line 405.
(pdftex.def)             Requested size: 91.0487pt x 25.7557pt.
<NEXTJS_logo.png, id=260, 102.93pt x 121.107pt>
File: NEXTJS_logo.png Graphic file (type png)
<use NEXTJS_logo.png>
Package pdftex.def Info: NEXTJS_logo.png  used on input line 412.
(pdftex.def)             Requested size: 53.20035pt x 62.5953pt.
<Material_UI_logo.png, id=261, 148.482pt x 128.772pt>
File: Material_UI_logo.png Graphic file (type png)
<use Material_UI_logo.png>
Package pdftex.def Info: Material_UI_logo.png  used on input line 414.
(pdftex.def)             Requested size: 72.17679pt x 62.59581pt.
<Swift_logo.png, id=262, 78.84pt x 109.5pt>
File: Swift_logo.png Graphic file (type png)
<use Swift_logo.png>
Package pdftex.def Info: Swift_logo.png  used on input line 420.
(pdftex.def)             Requested size: 45.07039pt x 62.59776pt.

Overfull \hbox (1.30626pt too wide) in paragraph at lines 421--422
 [][] 
 []



[7 <./CPP_logo.png> <./ESPRESSIF_logo.png> <./svg-inkscape/CS_logo_svg-tex.pdf>
 <./svg-inkscape/ASP_NET_logo_svg-tex.pdf

pdfTeX warning: pdflatex (file ./svg-inkscape/ASP_NET_logo_svg-tex.pdf): PDF in
clusion: multiple pdfs with page group included in a single page
> <./Electron_logo.png> <./PostgresSQL_logo.png> <./Timescale_logo.png (PNG cop
y)> <./NEXTJS_logo.png> <./Material_UI_logo.png> <./Swift_logo.png>]

[8]
<Sprint_Zyklus.png, id=281, 863.225pt x 652.4375pt>
File: Sprint_Zyklus.png Graphic file (type png)
<use Sprint_Zyklus.png>
Package pdftex.def Info: Sprint_Zyklus.png  used on input line 474.
(pdftex.def)             Requested size: 399.29463pt x 301.78743pt.
<Kanban_Board_1_Sprint.png, id=282, 848.4197pt x 331.99031pt>
File: Kanban_Board_1_Sprint.png Graphic file (type png)
<use Kanban_Board_1_Sprint.png>
Package pdftex.def Info: Kanban_Board_1_Sprint.png  used on input line 493.
(pdftex.def)             Requested size: 469.75502pt x 183.81607pt.


[9 <./Sprint_Zyklus.png (PNG copy)>]
<Kanban_Board_2_Sprint.png, id=288, 855.94781pt x 526.21594pt>
File: Kanban_Board_2_Sprint.png Graphic file (type png)
<use Kanban_Board_2_Sprint.png>
Package pdftex.def Info: Kanban_Board_2_Sprint.png  used on input line 500.
(pdftex.def)             Requested size: 469.75502pt x 288.79337pt.
<Kanban_Board_3_Sprint.png, id=289, 1017.04968pt x 791.20593pt>
File: Kanban_Board_3_Sprint.png Graphic file (type png)
<use Kanban_Board_3_Sprint.png>
Package pdftex.def Info: Kanban_Board_3_Sprint.png  used on input line 507.
(pdftex.def)             Requested size: 469.75502pt x 365.44409pt.


[10 <./Kanban_Board_1_Sprint.png> <./Kanban_Board_2_Sprint.png>]

[11 <./Kanban_Board_3_Sprint.png>]
main.tex:523: Undefined control sequence.
l.523     \text
               {SpilloverRate} =
The control sequence at the end of the top line
of your error message was never \def'ed. If you have
misspelled it (e.g., `\hobx'), type `I' and the correct
spelling (e.g., `I\hbox'). Otherwise just continue,
and I'll forget about whatever was undefined.

main.tex:525: Undefined control sequence.
<argument> \text 
                 {Anzahl unvollst√§ndiger Vorg√§nge eines Sprints}
l.525 ...Anzahl gesamter Vorg√§nge eines Sprints}}
                                                  
The control sequence at the end of the top line
of your error message was never \def'ed. If you have
misspelled it (e.g., `\hobx'), type `I' and the correct
spelling (e.g., `I\hbox'). Otherwise just continue,
and I'll forget about whatever was undefined.


LaTeX Warning: Command \" invalid in math mode on input line 525.


LaTeX Warning: Command \" invalid in math mode on input line 525.

main.tex:525: Undefined control sequence.
<argument> \text 
                 {Anzahl gesamter Vorg√§nge eines Sprints}
l.525 ...Anzahl gesamter Vorg√§nge eines Sprints}}
                                                  
The control sequence at the end of the top line
of your error message was never \def'ed. If you have
misspelled it (e.g., `\hobx'), type `I' and the correct
spelling (e.g., `I\hbox'). Otherwise just continue,
and I'll forget about whatever was undefined.


LaTeX Warning: Command \" invalid in math mode on input line 525.

Package svg Info: Last page of `./svg-inkscape/Project_Environment_svg-tex.pdf'
 is 1 on input line 552.
(svg-inkscape/Project_Environment_svg-tex.pdf_tex
<./svg-inkscape/Project_Environment_svg-tex.pdf, id=306, page=1, 896.59969pt x 
491.15134pt>
File: ./svg-inkscape/Project_Environment_svg-tex.pdf Graphic file (type pdf)
<use ./svg-inkscape/Project_Environment_svg-tex.pdf, page 1>
Package pdftex.def Info: ./svg-inkscape/Project_Environment_svg-tex.pdf , page1
 used on input line 56.
(pdftex.def)             Requested size: 469.75502pt x 257.3262pt.
)

[12 <./svg-inkscape/Project_Environment_svg-tex.pdf>]
Package svg Info: Last page of `./svg-inkscape/Stakeholder_Analysis_svg-tex.pdf
' is 1 on input line 591.

(svg-inkscape/Stakeholder_Analysis_svg-tex.pdf_tex
<./svg-inkscape/Stakeholder_Analysis_svg-tex.pdf, id=375, page=1, 1371.57341pt 
x 578.46584pt>
File: ./svg-inkscape/Stakeholder_Analysis_svg-tex.pdf Graphic file (type pdf)
<use ./svg-inkscape/Stakeholder_Analysis_svg-tex.pdf, page 1>
Package pdftex.def Info: ./svg-inkscape/Stakeholder_Analysis_svg-tex.pdf , page
1 used on input line 56.
(pdftex.def)             Requested size: 469.75502pt x 198.11452pt.
)

[13]

[14 <./svg-inkscape/Stakeholder_Analysis_svg-tex.pdf>]

[15]
Package svg Info: Last page of `./svg-inkscape/Project_Health_svg-tex.pdf' is 1
 on input line 673.
 (svg-inkscape/Project_Health_svg-tex.pdf_tex
<./svg-inkscape/Project_Health_svg-tex.pdf, id=593, page=1, 570.9377pt x 493.61
6pt>
File: ./svg-inkscape/Project_Health_svg-tex.pdf Graphic file (type pdf)
<use ./svg-inkscape/Project_Health_svg-tex.pdf, page 1>
Package pdftex.def Info: ./svg-inkscape/Project_Health_svg-tex.pdf , page1 used
 on input line 56.
(pdftex.def)             Requested size: 469.75502pt x 406.15363pt.
)

[16]
Package svg Info: Last page of `./svg-inkscape/SWOT_Produkt_svg-tex.pdf' is 1 o
n input line 684.
 (svg-inkscape/SWOT_Produkt_svg-tex.pdf_tex
<./svg-inkscape/SWOT_Produkt_svg-tex.pdf, id=599, page=1, 669.0229pt x 419.8262
5pt>
File: ./svg-inkscape/SWOT_Produkt_svg-tex.pdf Graphic file (type pdf)
<use ./svg-inkscape/SWOT_Produkt_svg-tex.pdf, page 1>
Package pdftex.def Info: ./svg-inkscape/SWOT_Produkt_svg-tex.pdf , page1 used o
n input line 56.
(pdftex.def)             Requested size: 469.75502pt x 294.78601pt.
)

[17 <./svg-inkscape/Project_Health_svg-tex.pdf>]
Overfull \hbox (38.62624pt too wide) in paragraph at lines 693--694
[]\T1/lmr/bx/n/10 (-20) Individuell an-pass-bar: \T1/lmr/m/n/10 (-20) Ver-bun-d
e-ne Be-nut-ze-rin-nen und Be-nut-zer kˆn-nen Grenz-wer-te, Push-Benachrichtigu
ngen
 []



[18 <./svg-inkscape/SWOT_Produkt_svg-tex.pdf>]
Package svg Info: Last page of `./svg-inkscape/SWOT_Team_svg-tex.pdf' is 1 on i
nput line 722.

(svg-inkscape/SWOT_Team_svg-tex.pdf_tex
<./svg-inkscape/SWOT_Team_svg-tex.pdf, id=1823, page=1, 669.0229pt x 419.82625p
t>
File: ./svg-inkscape/SWOT_Team_svg-tex.pdf Graphic file (type pdf)
<use ./svg-inkscape/SWOT_Team_svg-tex.pdf, page 1>
Package pdftex.def Info: ./svg-inkscape/SWOT_Team_svg-tex.pdf , page1 used on i
nput line 56.
(pdftex.def)             Requested size: 469.75502pt x 294.78601pt.
)

[19 <./svg-inkscape/SWOT_Team_svg-tex.pdf>]
<EVA.png, id=1910, 892.2936pt x 411.939pt>
File: EVA.png Graphic file (type png)
<use EVA.png>
Package pdftex.def Info: EVA.png  used on input line 765.
(pdftex.def)             Requested size: 469.75502pt x 216.86833pt.


[20 <./EVA.png>]
LaTeX Font Info:    Font shape `T1/lmtt/bx/n' in size <10> not available
(Font)              Font shape `T1/lmtt/b/n' tried instead on input line 789.


[21]

[22]

[23]
<Team_Zeitdarstellung.png, id=1936, 361.8318pt x 220.6644pt>
File: Team_Zeitdarstellung.png Graphic file (type png)
<use Team_Zeitdarstellung.png>
Package pdftex.def Info: Team_Zeitdarstellung.png  used on input line 1058.
(pdftex.def)             Requested size: 469.75502pt x 286.49329pt.
<Matthias_Zeitverteilung.png, id=1937, 362.3136pt x 217.7736pt>
File: Matthias_Zeitverteilung.png Graphic file (type png)
<use Matthias_Zeitverteilung.png>
Package pdftex.def Info: Matthias_Zeitverteilung.png  used on input line 1069.
(pdftex.def)             Requested size: 469.75502pt x 282.35132pt.


[24 <./Team_Zeitdarstellung.png>]

[25 <./Matthias_Zeitverteilung.png>]
<Daniel_Zeitverteilung.png, id=1952, 362.3136pt x 217.7736pt>
File: Daniel_Zeitverteilung.png Graphic file (type png)
<use Daniel_Zeitverteilung.png>
Package pdftex.def Info: Daniel_Zeitverteilung.png  used on input line 1123.
(pdftex.def)             Requested size: 469.75502pt x 282.35132pt.


[26]

[27 <./Daniel_Zeitverteilung.png>]
<Viktor_Zeitverteilung.png, id=1965, 362.3136pt x 217.7736pt>
File: Viktor_Zeitverteilung.png Graphic file (type png)
<use Viktor_Zeitverteilung.png>
Package pdftex.def Info: Viktor_Zeitverteilung.png  used on input line 1175.
(pdftex.def)             Requested size: 469.75502pt x 282.35132pt.


[28]

[29 <./Viktor_Zeitverteilung.png>]
<Damjan_Zeitverteilung.png, id=1979, 362.3136pt x 217.7736pt>
File: Damjan_Zeitverteilung.png Graphic file (type png)
<use Damjan_Zeitverteilung.png>
Package pdftex.def Info: Damjan_Zeitverteilung.png  used on input line 1224.
(pdftex.def)             Requested size: 469.75502pt x 282.35132pt.


[30]

[31 <./Damjan_Zeitverteilung.png>]
<Marc_Zeitverteilung.png, id=1992, 362.3136pt x 217.7736pt>
File: Marc_Zeitverteilung.png Graphic file (type png)
<use Marc_Zeitverteilung.png>
Package pdftex.def Info: Marc_Zeitverteilung.png  used on input line 1272.
(pdftex.def)             Requested size: 469.75502pt x 282.35132pt.


[32]

[33 <./Marc_Zeitverteilung.png>]

[34]

[35

]

pdfTeX warning: pdflatex (file ./Kooperationsvereinbarung_BearingPoint.pdf): PD
F inclusion: found PDF version <1.7>, but at most version <1.5> allowed
<Kooperationsvereinbarung_BearingPoint.pdf, id=2016, 597.432pt x 845.07718pt>
File: Kooperationsvereinbarung_BearingPoint.pdf Graphic file (type pdf)
<use Kooperationsvereinbarung_BearingPoint.pdf>
Package pdftex.def Info: Kooperationsvereinbarung_BearingPoint.pdf  used on inp
ut line 1317.
(pdftex.def)             Requested size: 597.43054pt x 845.07512pt.


pdfTeX warning: pdflatex (file ./Kooperationsvereinbarung_BearingPoint.pdf): PD
F inclusion: found PDF version <1.7>, but at most version <1.5> allowed


pdfTeX warning: pdflatex (file ./Kooperationsvereinbarung_BearingPoint.pdf): PD
F inclusion: found PDF version <1.7>, but at most version <1.5> allowed
<Kooperationsvereinbarung_BearingPoint.pdf, id=2018, page=1, 597.432pt x 845.07
718pt>
File: Kooperationsvereinbarung_BearingPoint.pdf Graphic file (type pdf)
<use Kooperationsvereinbarung_BearingPoint.pdf, page 1>
Package pdftex.def Info: Kooperationsvereinbarung_BearingPoint.pdf , page1 used
 on input line 1317.
(pdftex.def)             Requested size: 597.43054pt x 845.07512pt.
File: Kooperationsvereinbarung_BearingPoint.pdf Graphic file (type pdf)
<use Kooperationsvereinbarung_BearingPoint.pdf, page 1>
Package pdftex.def Info: Kooperationsvereinbarung_BearingPoint.pdf , page1 used
 on input line 1317.
(pdftex.def)             Requested size: 597.47612pt x 845.13959pt.
File: Kooperationsvereinbarung_BearingPoint.pdf Graphic file (type pdf)
<use Kooperationsvereinbarung_BearingPoint.pdf, page 1>
Package pdftex.def Info: Kooperationsvereinbarung_BearingPoint.pdf , page1 used
 on input line 1317.
(pdftex.def)             Requested size: 597.47612pt x 845.13959pt.
File: Kooperationsvereinbarung_BearingPoint.pdf Graphic file (type pdf)
<use Kooperationsvereinbarung_BearingPoint.pdf, page 1>
Package pdftex.def Info: Kooperationsvereinbarung_BearingPoint.pdf , page1 used
 on input line 1317.
(pdftex.def)             Requested size: 597.47612pt x 845.13959pt.


File: Kooperationsvereinbarung_BearingPoint.pdf Graphic file (type pdf)
<use Kooperationsvereinbarung_BearingPoint.pdf, page 1>
Package pdftex.def Info: Kooperationsvereinbarung_BearingPoint.pdf , page1 used
 on input line 1317.
(pdftex.def)             Requested size: 597.47612pt x 845.13959pt.
[36


 <./Kooperationsvereinbarung_BearingPoint.pdf>]

pdfTeX warning: pdflatex (file ./Kooperationsvereinbarung_BearingPoint.pdf): PD
F inclusion: found PDF version <1.7>, but at most version <1.5> allowed
<Kooperationsvereinbarung_BearingPoint.pdf, id=2061, page=2, 597.432pt x 845.07
718pt>
File: Kooperationsvereinbarung_BearingPoint.pdf Graphic file (type pdf)
<use Kooperationsvereinbarung_BearingPoint.pdf, page 2>
Package pdftex.def Info: Kooperationsvereinbarung_BearingPoint.pdf , page2 used
 on input line 1317.
(pdftex.def)             Requested size: 597.47612pt x 845.13959pt.
File: Kooperationsvereinbarung_BearingPoint.pdf Graphic file (type pdf)
<use Kooperationsvereinbarung_BearingPoint.pdf, page 2>
Package pdftex.def Info: Kooperationsvereinbarung_BearingPoint.pdf , page2 used
 on input line 1317.
(pdftex.def)             Requested size: 597.47612pt x 845.13959pt.


File: Kooperationsvereinbarung_BearingPoint.pdf Graphic file (type pdf)
<use Kooperationsvereinbarung_BearingPoint.pdf, page 2>
Package pdftex.def Info: Kooperationsvereinbarung_BearingPoint.pdf , page2 used
 on input line 1317.
(pdftex.def)             Requested size: 597.47612pt x 845.13959pt.
[37

 <./Kooperationsvereinbarung_BearingPoint.pdf>]

pdfTeX warning: pdflatex (file ./Kooperationsvereinbarung_BearingPoint.pdf): PD
F inclusion: found PDF version <1.7>, but at most version <1.5> allowed
<Kooperationsvereinbarung_BearingPoint.pdf, id=2077, page=3, 597.432pt x 845.07
718pt>
File: Kooperationsvereinbarung_BearingPoint.pdf Graphic file (type pdf)
<use Kooperationsvereinbarung_BearingPoint.pdf, page 3>
Package pdftex.def Info: Kooperationsvereinbarung_BearingPoint.pdf , page3 used
 on input line 1317.
(pdftex.def)             Requested size: 597.47612pt x 845.13959pt.
File: Kooperationsvereinbarung_BearingPoint.pdf Graphic file (type pdf)
<use Kooperationsvereinbarung_BearingPoint.pdf, page 3>
Package pdftex.def Info: Kooperationsvereinbarung_BearingPoint.pdf , page3 used
 on input line 1317.
(pdftex.def)             Requested size: 597.47612pt x 845.13959pt.


File: Kooperationsvereinbarung_BearingPoint.pdf Graphic file (type pdf)
<use Kooperationsvereinbarung_BearingPoint.pdf, page 3>
Package pdftex.def Info: Kooperationsvereinbarung_BearingPoint.pdf , page3 used
 on input line 1317.
(pdftex.def)             Requested size: 597.47612pt x 845.13959pt.
[38

 <./Kooperationsvereinbarung_BearingPoint.pdf>]


pdfTeX warning (ext4): destination with the same identifier (name{page.36}) has
 been already used, duplicate ignored
<to be read again> 
                   \relax 
l.1319 \subsectiontitlepage{Legal Declaration}
                                               [36

]
<Rechtliche_Erklaerung.pdf, id=2119, 597.31157pt x 844.83629pt>
File: Rechtliche_Erklaerung.pdf Graphic file (type pdf)
<use Rechtliche_Erklaerung.pdf>
Package pdftex.def Info: Rechtliche_Erklaerung.pdf  used on input line 1320.
(pdftex.def)             Requested size: 597.3101pt x 844.83423pt.
<Rechtliche_Erklaerung.pdf, id=2121, page=1, 597.31157pt x 844.83629pt>
File: Rechtliche_Erklaerung.pdf Graphic file (type pdf)
<use Rechtliche_Erklaerung.pdf, page 1>
Package pdftex.def Info: Rechtliche_Erklaerung.pdf , page1 used on input line 1
320.
(pdftex.def)             Requested size: 597.3101pt x 844.83423pt.
File: Rechtliche_Erklaerung.pdf Graphic file (type pdf)
<use Rechtliche_Erklaerung.pdf, page 1>
Package pdftex.def Info: Rechtliche_Erklaerung.pdf , page1 used on input line 1
320.
(pdftex.def)             Requested size: 597.61998pt x 845.27252pt.
File: Rechtliche_Erklaerung.pdf Graphic file (type pdf)
<use Rechtliche_Erklaerung.pdf, page 1>
Package pdftex.def Info: Rechtliche_Erklaerung.pdf , page1 used on input line 1
320.
(pdftex.def)             Requested size: 597.61998pt x 845.27252pt.
File: Rechtliche_Erklaerung.pdf Graphic file (type pdf)
<use Rechtliche_Erklaerung.pdf, page 1>
Package pdftex.def Info: Rechtliche_Erklaerung.pdf , page1 used on input line 1
320.
(pdftex.def)             Requested size: 597.61998pt x 845.27252pt.



pdfTeX warning (ext4): destination with the same identifier (name{page.37}) has
 been already used, duplicate ignored
<to be read again> 
                   \relax 
l.1320 ...itpaper=true]{Rechtliche_Erklaerung.pdf}
                                                  
File: Rechtliche_Erklaerung.pdf Graphic file (type pdf)
<use Rechtliche_Erklaerung.pdf, page 1>
Package pdftex.def Info: Rechtliche_Erklaerung.pdf , page1 used on input line 1
320.
(pdftex.def)             Requested size: 597.61998pt x 845.27252pt.
 [37


 <./Rechtliche_Erklaerung.pdf>]
<Rechtliche_Erklaerung.pdf, id=2128, page=2, 597.31157pt x 844.83629pt>
File: Rechtliche_Erklaerung.pdf Graphic file (type pdf)
<use Rechtliche_Erklaerung.pdf, page 2>
Package pdftex.def Info: Rechtliche_Erklaerung.pdf , page2 used on input line 1
320.
(pdftex.def)             Requested size: 597.61998pt x 845.27252pt.
File: Rechtliche_Erklaerung.pdf Graphic file (type pdf)
<use Rechtliche_Erklaerung.pdf, page 2>
Package pdftex.def Info: Rechtliche_Erklaerung.pdf , page2 used on input line 1
320.
(pdftex.def)             Requested size: 597.61998pt x 845.27252pt.



pdfTeX warning (ext4): destination with the same identifier (name{page.38}) has
 been already used, duplicate ignored
<to be read again> 
                   \relax 
l.1320 ...itpaper=true]{Rechtliche_Erklaerung.pdf}
                                                  
File: Rechtliche_Erklaerung.pdf Graphic file (type pdf)
<use Rechtliche_Erklaerung.pdf, page 2>
Package pdftex.def Info: Rechtliche_Erklaerung.pdf , page2 used on input line 1
320.
(pdftex.def)             Requested size: 597.61998pt x 845.27252pt.
 [38

 <./Rechtliche_Erklaerung.pdf>]


pdfTeX warning (ext4): destination with the same identifier (name{page.37}) has
 been already used, duplicate ignored
<to be read again> 
                   \relax 
l.1322 ...age{Software Requirements Specification}
                                                   [37

]

pdfTeX warning: pdflatex (file ./Requirements.pdf): PDF inclusion: found PDF ve
rsion <1.7>, but at most version <1.5> allowed
<Requirements.pdf, id=2139, 597.55246pt x 845.07718pt>
File: Requirements.pdf Graphic file (type pdf)
<use Requirements.pdf>
Package pdftex.def Info: Requirements.pdf  used on input line 1323.
(pdftex.def)             Requested size: 597.551pt x 845.07512pt.


pdfTeX warning: pdflatex (file ./Requirements.pdf): PDF inclusion: found PDF ve
rsion <1.7>, but at most version <1.5> allowed


pdfTeX warning: pdflatex (file ./Requirements.pdf): PDF inclusion: found PDF ve
rsion <1.7>, but at most version <1.5> allowed
<Requirements.pdf, id=2141, page=1, 597.55246pt x 845.07718pt>
File: Requirements.pdf Graphic file (type pdf)
<use Requirements.pdf, page 1>
Package pdftex.def Info: Requirements.pdf , page1 used on input line 1323.
(pdftex.def)             Requested size: 597.551pt x 845.07512pt.
File: Requirements.pdf Graphic file (type pdf)
<use Requirements.pdf, page 1>
Package pdftex.def Info: Requirements.pdf , page1 used on input line 1323.
(pdftex.def)             Requested size: 597.59657pt x 845.13959pt.
File: Requirements.pdf Graphic file (type pdf)
<use Requirements.pdf, page 1>
Package pdftex.def Info: Requirements.pdf , page1 used on input line 1323.
(pdftex.def)             Requested size: 597.59657pt x 845.13959pt.
File: Requirements.pdf Graphic file (type pdf)
<use Requirements.pdf, page 1>
Package pdftex.def Info: Requirements.pdf , page1 used on input line 1323.
(pdftex.def)             Requested size: 597.59657pt x 845.13959pt.



pdfTeX warning (ext4): destination with the same identifier (name{page.38}) has
 been already used, duplicate ignored
<to be read again> 
                   \relax 
l.1323 ...pages=-,fitpaper=true]{Requirements.pdf}
                                                  
File: Requirements.pdf Graphic file (type pdf)
<use Requirements.pdf, page 1>
Package pdftex.def Info: Requirements.pdf , page1 used on input line 1323.
(pdftex.def)             Requested size: 597.59657pt x 845.13959pt.
 [38


 <./Requirements.pdf>]

pdfTeX warning: pdflatex (file ./Requirements.pdf): PDF inclusion: found PDF ve
rsion <1.7>, but at most version <1.5> allowed
<Requirements.pdf, id=2168, page=2, 597.55246pt x 845.07718pt>
File: Requirements.pdf Graphic file (type pdf)
<use Requirements.pdf, page 2>
Package pdftex.def Info: Requirements.pdf , page2 used on input line 1323.
(pdftex.def)             Requested size: 597.59657pt x 845.13959pt.
File: Requirements.pdf Graphic file (type pdf)
<use Requirements.pdf, page 2>
Package pdftex.def Info: Requirements.pdf , page2 used on input line 1323.
(pdftex.def)             Requested size: 597.59657pt x 845.13959pt.


File: Requirements.pdf Graphic file (type pdf)
<use Requirements.pdf, page 2>
Package pdftex.def Info: Requirements.pdf , page2 used on input line 1323.
(pdftex.def)             Requested size: 597.59657pt x 845.13959pt.
[39

 <./Requirements.pdf>]

pdfTeX warning: pdflatex (file ./Requirements.pdf): PDF inclusion: found PDF ve
rsion <1.7>, but at most version <1.5> allowed
<Requirements.pdf, id=2189, page=3, 597.55246pt x 845.07718pt>
File: Requirements.pdf Graphic file (type pdf)
<use Requirements.pdf, page 3>
Package pdftex.def Info: Requirements.pdf , page3 used on input line 1323.
(pdftex.def)             Requested size: 597.59657pt x 845.13959pt.
File: Requirements.pdf Graphic file (type pdf)
<use Requirements.pdf, page 3>
Package pdftex.def Info: Requirements.pdf , page3 used on input line 1323.
(pdftex.def)             Requested size: 597.59657pt x 845.13959pt.


File: Requirements.pdf Graphic file (type pdf)
<use Requirements.pdf, page 3>
Package pdftex.def Info: Requirements.pdf , page3 used on input line 1323.
(pdftex.def)             Requested size: 597.59657pt x 845.13959pt.
[40

 <./Requirements.pdf>]

pdfTeX warning: pdflatex (file ./Requirements.pdf): PDF inclusion: found PDF ve
rsion <1.7>, but at most version <1.5> allowed
<Requirements.pdf, id=2202, page=4, 597.55246pt x 845.07718pt>
File: Requirements.pdf Graphic file (type pdf)
<use Requirements.pdf, page 4>
Package pdftex.def Info: Requirements.pdf , page4 used on input line 1323.
(pdftex.def)             Requested size: 597.59657pt x 845.13959pt.
File: Requirements.pdf Graphic file (type pdf)
<use Requirements.pdf, page 4>
Package pdftex.def Info: Requirements.pdf , page4 used on input line 1323.
(pdftex.def)             Requested size: 597.59657pt x 845.13959pt.


File: Requirements.pdf Graphic file (type pdf)
<use Requirements.pdf, page 4>
Package pdftex.def Info: Requirements.pdf , page4 used on input line 1323.
(pdftex.def)             Requested size: 597.59657pt x 845.13959pt.
[41

 <./Requirements.pdf>]

pdfTeX warning: pdflatex (file ./Requirements.pdf): PDF inclusion: found PDF ve
rsion <1.7>, but at most version <1.5> allowed
<Requirements.pdf, id=2208, page=5, 597.55246pt x 845.07718pt>
File: Requirements.pdf Graphic file (type pdf)
<use Requirements.pdf, page 5>
Package pdftex.def Info: Requirements.pdf , page5 used on input line 1323.
(pdftex.def)             Requested size: 597.59657pt x 845.13959pt.
File: Requirements.pdf Graphic file (type pdf)
<use Requirements.pdf, page 5>
Package pdftex.def Info: Requirements.pdf , page5 used on input line 1323.
(pdftex.def)             Requested size: 597.59657pt x 845.13959pt.


File: Requirements.pdf Graphic file (type pdf)
<use Requirements.pdf, page 5>
Package pdftex.def Info: Requirements.pdf , page5 used on input line 1323.
(pdftex.def)             Requested size: 597.59657pt x 845.13959pt.
[42

 <./Requirements.pdf>]

pdfTeX warning: pdflatex (file ./Requirements.pdf): PDF inclusion: found PDF ve
rsion <1.7>, but at most version <1.5> allowed
<Requirements.pdf, id=2215, page=6, 597.55246pt x 845.07718pt>
File: Requirements.pdf Graphic file (type pdf)
<use Requirements.pdf, page 6>
Package pdftex.def Info: Requirements.pdf , page6 used on input line 1323.
(pdftex.def)             Requested size: 597.59657pt x 845.13959pt.
File: Requirements.pdf Graphic file (type pdf)
<use Requirements.pdf, page 6>
Package pdftex.def Info: Requirements.pdf , page6 used on input line 1323.
(pdftex.def)             Requested size: 597.59657pt x 845.13959pt.


File: Requirements.pdf Graphic file (type pdf)
<use Requirements.pdf, page 6>
Package pdftex.def Info: Requirements.pdf , page6 used on input line 1323.
(pdftex.def)             Requested size: 597.59657pt x 845.13959pt.
[43

 <./Requirements.pdf>] (main.aux)
 ***********
LaTeX2e <2025-06-01> patch level 1
L3 programming layer <2025-09-02>
 ***********


LaTeX Warning: There were multiply-defined labels.

 ) 
Here is how much of TeX's memory you used:
 29310 strings out of 468080
 581559 string characters out of 5425766
 1055704 words of memory out of 5000000
 57110 multiletter control sequences out of 15000+600000
 689545 words of font info for 160 fonts, out of 8000000 for 9000
 1141 hyphenation exceptions out of 8191
 94i,17n,93p,1003b,971s stack positions out of 10000i,1000n,20000p,200000b,200000s
<C:/Users/vikto/AppData/Local/Programs/MiKTeX/fonts/type1/public/lm/lmbx10.pf
b><C:/Users/vikto/AppData/Local/Programs/MiKTeX/fonts/type1/public/lm/lmbx12.pf
b><C:/Users/vikto/AppData/Local/Programs/MiKTeX/fonts/type1/public/lm/lmmi10.pf
b><C:/Users/vikto/AppData/Local/Programs/MiKTeX/fonts/type1/public/lm/lmr10.pfb
><C:/Users/vikto/AppData/Local/Programs/MiKTeX/fonts/type1/public/lm/lmr12.pfb>
<C:/Users/vikto/AppData/Local/Programs/MiKTeX/fonts/type1/public/lm/lmr17.pfb><
C:/Users/vikto/AppData/Local/Programs/MiKTeX/fonts/type1/public/lm/lmr7.pfb><C:
/Users/vikto/AppData/Local/Programs/MiKTeX/fonts/type1/public/lm/lmr9.pfb><C:/U
sers/vikto/AppData/Local/Programs/MiKTeX/fonts/type1/public/lm/lmri10.pfb><C:/U
sers/vikto/AppData/Local/Programs/MiKTeX/fonts/type1/public/lm/lmsy10.pfb><C:/U
sers/vikto/AppData/Local/Programs/MiKTeX/fonts/type1/public/lm/lmtk10.pfb><C:/U
sers/vikto/AppData/Local/Programs/MiKTeX/fonts/type1/public/lm/lmtt10.pfb>
Output written on main.pdf (50 pages, 3142883 bytes).
PDF statistics:
 2405 PDF objects out of 2487 (max. 8388607)
 136 named destinations out of 1000 (max. 500000)
 36386 words of extra memory for PDF output out of 42996 (max. 10000000)

